<?xml version="1.0" encoding="UTF-8"?>
<robot generator="Robot 3.1 (Python 3.6.5 on win32)" generated="20200205 17:06:11.517" rpa="false">
<suite id="s1" name="Google" source="D:\development\test3robot\Tests\Google.robot">
<test id="s1-t1" name="Test Case 1">
<kw name="open browser and go to baseUrl">
<kw name="Open Browser" library="SeleniumLibrary">
<doc>Opens a new browser instance to the given ``url``.</doc>
<arguments>
<arg>${base_Url}</arg>
<arg>${BROWSER}</arg>
</arguments>
<msg timestamp="20200205 17:06:11.733" level="INFO">Opening browser 'firefox' to base url 'https://softjourn.com/'.</msg>
<status status="PASS" starttime="20200205 17:06:11.733" endtime="20200205 17:06:24.221"></status>
</kw>
<kw name="Click Element" library="SeleniumLibrary">
<doc>Click element identified by ``locator``.</doc>
<arguments>
<arg>blog</arg>
</arguments>
<msg timestamp="20200205 17:06:24.221" level="INFO">Clicking element 'blog'.</msg>
<kw name="Capture Page Screenshot" library="SeleniumLibrary">
<doc>Takes screenshot of the current page and embeds it into log file.</doc>
<msg timestamp="20200205 17:06:24.556" level="INFO" html="yes">&lt;/td&gt;&lt;/tr&gt;&lt;tr&gt;&lt;td colspan="3"&gt;&lt;a href="selenium-screenshot-3.png"&gt;&lt;img src="selenium-screenshot-3.png" width="800px"&gt;&lt;/a&gt;</msg>
<status status="PASS" starttime="20200205 17:06:24.248" endtime="20200205 17:06:24.556"></status>
</kw>
<msg timestamp="20200205 17:06:24.560" level="FAIL">Element with locator 'blog' not found.</msg>
<status status="FAIL" starttime="20200205 17:06:24.221" endtime="20200205 17:06:24.561"></status>
</kw>
<status status="FAIL" starttime="20200205 17:06:11.732" endtime="20200205 17:06:24.561"></status>
</kw>
<kw name="Close Browser" library="SeleniumLibrary" type="teardown">
<doc>Closes the current browser.</doc>
<status status="PASS" starttime="20200205 17:06:24.563" endtime="20200205 17:06:25.366"></status>
</kw>
<tags>
<tag>Open Browser</tag>
</tags>
<status status="FAIL" starttime="20200205 17:06:11.731" endtime="20200205 17:06:25.366" critical="yes">Element with locator 'blog' not found.</status>
</test>
<doc>Simple example using SeleniumLibrary.</doc>
<status status="FAIL" starttime="20200205 17:06:11.518" endtime="20200205 17:06:25.368"></status>
</suite>
<statistics>
<total>
<stat pass="0" fail="1">Critical Tests</stat>
<stat pass="0" fail="1">All Tests</stat>
</total>
<tag>
<stat pass="0" fail="1">Open Browser</stat>
</tag>
<suite>
<stat pass="0" fail="1" id="s1" name="Google">Google</stat>
</suite>
</statistics>
<errors>
<msg timestamp="20200205 17:06:11.728" level="ERROR">Error in file 'D:\development\test3robot\Tests\Google.robot': Importing test library '../PO' failed: ModuleNotFoundError: No module named '.'
Traceback (most recent call last):
  None
PYTHONPATH:
  C:\Users\Envy\AppData\Local\Programs\Python\Python36\Scripts\robot.exe
  c:\users\envy\appdata\local\programs\python\python36\python36.zip
  c:\users\envy\appdata\local\programs\python\python36\DLLs
  c:\users\envy\appdata\local\programs\python\python36\lib
  c:\users\envy\appdata\local\programs\python\python36
  C:\Users\Envy\AppData\Roaming\Python\Python36\site-packages
  c:\users\envy\appdata\local\programs\python\python36\lib\site-packages</msg>
</errors>
</robot>
